<?xml version="1.0" encoding="UTF-8" ?>
<testsuite failures="0" time="0.003" errors="0" skipped="1" tests="1" name="BasicTest">
  <properties>
    <property name="java.runtime.name" value="Java(TM) SE Runtime Environment"/>
    <property name="sun.boot.library.path" value="C:\java\jdk1.7.0_04\jre\bin"/>
    <property name="java.vm.version" value="23.0-b21"/>
    <property name="java.vm.vendor" value="Oracle Corporation"/>
    <property name="java.vendor.url" value="http://java.oracle.com/"/>
    <property name="path.separator" value=";"/>
    <property name="guice.disable.misplaced.annotation.check" value="true"/>
    <property name="java.vm.name" value="Java HotSpot(TM) Client VM"/>
    <property name="file.encoding.pkg" value="sun.io"/>
    <property name="user.script" value=""/>
    <property name="user.country" value="CN"/>
    <property name="sun.java.launcher" value="SUN_STANDARD"/>
    <property name="sun.os.patch.level" value="Service Pack 1"/>
    <property name="java.vm.specification.name" value="Java Virtual Machine Specification"/>
    <property name="user.dir" value="C:\Users\wtt\Documents\GitHub\berain\berain-server"/>
    <property name="java.runtime.version" value="1.7.0_04-b22"/>
    <property name="java.awt.graphicsenv" value="sun.awt.Win32GraphicsEnvironment"/>
    <property name="java.endorsed.dirs" value="C:\java\jdk1.7.0_04\jre\lib\endorsed"/>
    <property name="os.arch" value="x86"/>
    <property name="java.io.tmpdir" value="C:\Users\wtt\AppData\Local\Temp\"/>
    <property name="line.separator" value="
"/>
    <property name="java.vm.specification.vendor" value="Oracle Corporation"/>
    <property name="user.variant" value=""/>
    <property name="os.name" value="Windows 7"/>
    <property name="classworlds.conf" value="C:\Users\wtt\workspace\.metadata\.plugins\org.eclipse.m2e.core\launches\m2conf1713667465271898542.tmp"/>
    <property name="sun.jnu.encoding" value="GBK"/>
    <property name="java.library.path" value="C:\java\jdk1.7.0_04\bin;C:\Windows\Sun\Java\bin;C:\Windows\system32;C:\Windows;C:/java/jdk1.7.0_04/bin/../jre/bin/client;C:/java/jdk1.7.0_04/bin/../jre/bin;C:/java/jdk1.7.0_04/bin/../jre/lib/i386;C:\java\apache-ant-1.8.4\bin;C:\java\play-1.2.5;E:\cygwin\bin;c:\program files\graphicsmagick-1.3.16-q8;C:\java\apache-maven-3.0.4\bin;C:\java\jdk1.7.0_04/bin;C:\Program Files\Common Files\Microsoft Shared\Windows Live;C:\Program Files\NVIDIA Corporation\PhysX\Common;C:\Windows\system32;C:\Windows;C:\Windows\System32\Wbem;C:\Windows\System32\WindowsPowerShell\v1.0\;C:\Program Files\MacType;C:\Program Files\Windows Live\Shared;C:\Program Files\TortoiseSVN\bin;C:\Program Files\Bitvise Tunnelier;C:\Program Files\Tencent\QQPCMgr\6.8.2383.401;C:\Program Files\Git\cmd;C:\Program Files\Git\bin;C:\Program Files\TortoiseGit\bin;;C:\Program Files\Tencent\QQPCMgr\6.8.2383.401;C:\java\Java;;."/>
    <property name="java.specification.name" value="Java Platform API Specification"/>
    <property name="java.class.version" value="51.0"/>
    <property name="sun.management.compiler" value="HotSpot Client Compiler"/>
    <property name="os.version" value="6.1"/>
    <property name="user.home" value="C:\Users\wtt"/>
    <property name="user.timezone" value="Asia/Shanghai"/>
    <property name="java.awt.printerjob" value="sun.awt.windows.WPrinterJob"/>
    <property name="java.specification.version" value="1.7"/>
    <property name="file.encoding" value="UTF-8"/>
    <property name="user.name" value="wtt"/>
    <property name="java.class.path" value="C:\java\apache-maven-3.0.4\boot\plexus-classworlds-2.4.jar"/>
    <property name="java.vm.specification.version" value="1.7"/>
    <property name="sun.arch.data.model" value="32"/>
    <property name="java.home" value="C:\java\jdk1.7.0_04\jre"/>
    <property name="sun.java.command" value="org.codehaus.plexus.classworlds.launcher.Launcher -B -s C:\java\apache-maven-3.0.4\conf\settings.xml install"/>
    <property name="java.specification.vendor" value="Oracle Corporation"/>
    <property name="user.language" value="zh"/>
    <property name="awt.toolkit" value="sun.awt.windows.WToolkit"/>
    <property name="java.vm.info" value="mixed mode, sharing"/>
    <property name="java.version" value="1.7.0_04"/>
    <property name="java.ext.dirs" value="C:\java\jdk1.7.0_04\jre\lib\ext;C:\Windows\Sun\Java\lib\ext"/>
    <property name="sun.boot.class.path" value="C:\java\jdk1.7.0_04\jre\lib\resources.jar;C:\java\jdk1.7.0_04\jre\lib\rt.jar;C:\java\jdk1.7.0_04\jre\lib\sunrsasign.jar;C:\java\jdk1.7.0_04\jre\lib\jsse.jar;C:\java\jdk1.7.0_04\jre\lib\jce.jar;C:\java\jdk1.7.0_04\jre\lib\charsets.jar;C:\java\jdk1.7.0_04\jre\lib\jfr.jar;C:\java\jdk1.7.0_04\jre\classes"/>
    <property name="java.vendor" value="Oracle Corporation"/>
    <property name="maven.home" value="C:\java\apache-maven-3.0.4"/>
    <property name="file.separator" value="\"/>
    <property name="java.vendor.url.bug" value="http://bugreport.sun.com/bugreport/"/>
    <property name="sun.cpu.endian" value="little"/>
    <property name="sun.io.unicode.encoding" value="UnicodeLittle"/>
    <property name="sun.desktop" value="windows"/>
    <property name="sun.cpu.isalist" value="pentium_pro+mmx pentium_pro pentium+mmx pentium i486 i386 i86"/>
  </properties>
  <testcase time="0.016" classname="BasicTest" name="BasicTest">
    <skipped/>
  </testcase>
</testsuite>